[1.941s] DEBUG:colcon:Command line arguments: ['/usr/bin/colcon', 'build', '--packages-select', 'mypack']
[1.945s] DEBUG:colcon:Parsed command line arguments: Namespace(log_base=None, log_level=None, verb_name='build', build_base='build', install_base='install', merge_install=False, symlink_install=False, test_result_base=None, continue_on_error=False, executor='parallel', parallel_workers=2, event_handlers=None, ignore_user_meta=False, metas=['./colcon.meta'], base_paths=['.'], packages_ignore=None, packages_ignore_regex=None, paths=None, packages_up_to=None, packages_up_to_regex=None, packages_above=None, packages_above_and_dependencies=None, packages_above_depth=None, packages_select_by_dep=None, packages_skip_by_dep=None, packages_skip_up_to=None, packages_select_build_failed=False, packages_skip_build_finished=False, packages_select_test_failures=False, packages_skip_test_passed=False, packages_select=['mypack'], packages_skip=None, packages_select_regex=None, packages_skip_regex=None, packages_start=None, packages_end=None, allow_overriding=[], cmake_args=None, cmake_target=None, cmake_target_skip_unavailable=False, cmake_clean_cache=False, cmake_clean_first=False, cmake_force_configure=False, ament_cmake_args=None, catkin_cmake_args=None, catkin_skip_building_tests=False, mixin_files=None, mixin=None, verb_parser=<colcon_mixin.mixin.mixin_argument.MixinArgumentDecorator object at 0x77aa9b44aa70>, verb_extension=<colcon_core.verb.build.BuildVerb object at 0x77aa9b5cff10>, main=<bound method BuildVerb.main of <colcon_core.verb.build.BuildVerb object at 0x77aa9b5cff10>>, mixin_verb=('build',))
[4.615s] Level 1:colcon.colcon_core.package_discovery:discover_packages(colcon_meta) check parameters
[4.617s] Level 1:colcon.colcon_core.package_discovery:discover_packages(recursive) check parameters
[4.617s] Level 1:colcon.colcon_core.package_discovery:discover_packages(ignore) check parameters
[4.617s] Level 1:colcon.colcon_core.package_discovery:discover_packages(path) check parameters
[4.617s] Level 1:colcon.colcon_core.package_discovery:discover_packages(colcon_meta) discover
[4.617s] Level 1:colcon.colcon_core.package_discovery:discover_packages(recursive) discover
[4.617s] INFO:colcon.colcon_core.package_discovery:Crawling recursively for packages in '/home/mate/ros2_wkp'
[4.618s] Level 1:colcon.colcon_core.package_identification:_identify(.) by extensions ['ignore', 'ignore_ament_install']
[4.624s] Level 1:colcon.colcon_core.package_identification:_identify(.) by extension 'ignore'
[4.624s] Level 1:colcon.colcon_core.package_identification:_identify(.) by extension 'ignore_ament_install'
[4.625s] Level 1:colcon.colcon_core.package_identification:_identify(.) by extensions ['colcon_pkg']
[4.625s] Level 1:colcon.colcon_core.package_identification:_identify(.) by extension 'colcon_pkg'
[4.625s] Level 1:colcon.colcon_core.package_identification:_identify(.) by extensions ['colcon_meta']
[4.625s] Level 1:colcon.colcon_core.package_identification:_identify(.) by extension 'colcon_meta'
[4.626s] Level 1:colcon.colcon_core.package_identification:_identify(.) by extensions ['ros']
[4.626s] Level 1:colcon.colcon_core.package_identification:_identify(.) by extension 'ros'
[4.824s] Level 1:colcon.colcon_core.package_identification:_identify(.) by extensions ['cmake', 'python']
[4.824s] Level 1:colcon.colcon_core.package_identification:_identify(.) by extension 'cmake'
[4.825s] Level 1:colcon.colcon_core.package_identification:_identify(.) by extension 'python'
[4.825s] Level 1:colcon.colcon_core.package_identification:_identify(.) by extensions ['python_setup_py']
[4.825s] Level 1:colcon.colcon_core.package_identification:_identify(.) by extension 'python_setup_py'
[4.828s] Level 1:colcon.colcon_core.package_identification:_identify(build) by extensions ['ignore', 'ignore_ament_install']
[4.829s] Level 1:colcon.colcon_core.package_identification:_identify(build) by extension 'ignore'
[4.829s] Level 1:colcon.colcon_core.package_identification:_identify(build) ignored
[4.829s] Level 1:colcon.colcon_core.package_identification:_identify(install) by extensions ['ignore', 'ignore_ament_install']
[4.829s] Level 1:colcon.colcon_core.package_identification:_identify(install) by extension 'ignore'
[4.830s] Level 1:colcon.colcon_core.package_identification:_identify(install) ignored
[4.830s] Level 1:colcon.colcon_core.package_identification:_identify(launch) by extensions ['ignore', 'ignore_ament_install']
[4.830s] Level 1:colcon.colcon_core.package_identification:_identify(launch) by extension 'ignore'
[4.830s] Level 1:colcon.colcon_core.package_identification:_identify(launch) by extension 'ignore_ament_install'
[4.830s] Level 1:colcon.colcon_core.package_identification:_identify(launch) by extensions ['colcon_pkg']
[4.831s] Level 1:colcon.colcon_core.package_identification:_identify(launch) by extension 'colcon_pkg'
[4.831s] Level 1:colcon.colcon_core.package_identification:_identify(launch) by extensions ['colcon_meta']
[4.831s] Level 1:colcon.colcon_core.package_identification:_identify(launch) by extension 'colcon_meta'
[4.831s] Level 1:colcon.colcon_core.package_identification:_identify(launch) by extensions ['ros']
[4.831s] Level 1:colcon.colcon_core.package_identification:_identify(launch) by extension 'ros'
[4.831s] Level 1:colcon.colcon_core.package_identification:_identify(launch) by extensions ['cmake', 'python']
[4.831s] Level 1:colcon.colcon_core.package_identification:_identify(launch) by extension 'cmake'
[4.831s] Level 1:colcon.colcon_core.package_identification:_identify(launch) by extension 'python'
[4.832s] Level 1:colcon.colcon_core.package_identification:_identify(launch) by extensions ['python_setup_py']
[4.832s] Level 1:colcon.colcon_core.package_identification:_identify(launch) by extension 'python_setup_py'
[4.832s] Level 1:colcon.colcon_core.package_identification:_identify(log) by extensions ['ignore', 'ignore_ament_install']
[4.832s] Level 1:colcon.colcon_core.package_identification:_identify(log) by extension 'ignore'
[4.832s] Level 1:colcon.colcon_core.package_identification:_identify(log) ignored
[4.833s] Level 1:colcon.colcon_core.package_identification:_identify(src) by extensions ['ignore', 'ignore_ament_install']
[4.833s] Level 1:colcon.colcon_core.package_identification:_identify(src) by extension 'ignore'
[4.833s] Level 1:colcon.colcon_core.package_identification:_identify(src) by extension 'ignore_ament_install'
[4.833s] Level 1:colcon.colcon_core.package_identification:_identify(src) by extensions ['colcon_pkg']
[4.833s] Level 1:colcon.colcon_core.package_identification:_identify(src) by extension 'colcon_pkg'
[4.833s] Level 1:colcon.colcon_core.package_identification:_identify(src) by extensions ['colcon_meta']
[4.836s] Level 1:colcon.colcon_core.package_identification:_identify(src) by extension 'colcon_meta'
[4.837s] Level 1:colcon.colcon_core.package_identification:_identify(src) by extensions ['ros']
[4.837s] Level 1:colcon.colcon_core.package_identification:_identify(src) by extension 'ros'
[4.837s] Level 1:colcon.colcon_core.package_identification:_identify(src) by extensions ['cmake', 'python']
[4.837s] Level 1:colcon.colcon_core.package_identification:_identify(src) by extension 'cmake'
[4.837s] Level 1:colcon.colcon_core.package_identification:_identify(src) by extension 'python'
[4.837s] Level 1:colcon.colcon_core.package_identification:_identify(src) by extensions ['python_setup_py']
[4.837s] Level 1:colcon.colcon_core.package_identification:_identify(src) by extension 'python_setup_py'
[4.838s] Level 1:colcon.colcon_core.package_identification:_identify(src/mypack) by extensions ['ignore', 'ignore_ament_install']
[4.838s] Level 1:colcon.colcon_core.package_identification:_identify(src/mypack) by extension 'ignore'
[4.838s] Level 1:colcon.colcon_core.package_identification:_identify(src/mypack) by extension 'ignore_ament_install'
[4.838s] Level 1:colcon.colcon_core.package_identification:_identify(src/mypack) by extensions ['colcon_pkg']
[4.838s] Level 1:colcon.colcon_core.package_identification:_identify(src/mypack) by extension 'colcon_pkg'
[4.838s] Level 1:colcon.colcon_core.package_identification:_identify(src/mypack) by extensions ['colcon_meta']
[4.843s] Level 1:colcon.colcon_core.package_identification:_identify(src/mypack) by extension 'colcon_meta'
[4.843s] Level 1:colcon.colcon_core.package_identification:_identify(src/mypack) by extensions ['ros']
[4.844s] Level 1:colcon.colcon_core.package_identification:_identify(src/mypack) by extension 'ros'
[4.881s] DEBUG:colcon.colcon_core.package_identification:Failed to parse potential ROS package manifest in'src/mypack': Error(s) in package 'src/mypack/package.xml':
The manifest contains invalid XML:
not well-formed (invalid token): line 1, column 22
[4.882s] Level 1:colcon.colcon_core.package_identification:_identify(src/mypack) by extensions ['cmake', 'python']
[4.882s] Level 1:colcon.colcon_core.package_identification:_identify(src/mypack) by extension 'cmake'
[4.897s] Level 1:colcon.colcon_core.package_identification:_identify(src/mypack) by extension 'python'
[4.898s] DEBUG:colcon.colcon_core.package_identification:Package 'src/mypack' with type 'cmake' and name 'minmax_finder'
[4.898s] Level 1:colcon.colcon_core.package_discovery:discover_packages(recursive) using defaults
[4.899s] Level 1:colcon.colcon_core.package_discovery:discover_packages(ignore) discover
[4.900s] Level 1:colcon.colcon_core.package_discovery:discover_packages(ignore) using defaults
[4.900s] Level 1:colcon.colcon_core.package_discovery:discover_packages(path) discover
[4.900s] Level 1:colcon.colcon_core.package_discovery:discover_packages(path) using defaults
[4.900s] WARNING:colcon.colcon_core.package_selection:ignoring unknown package 'mypack' in --packages-select
[3.862s] INFO:colcon.colcon_core.package_selection:Skipping not selected package 'minmax_finder' in 'src/mypack'
[3.864s] Level 1:colcon.colcon_core.package_discovery:discover_packages(prefix_path) check parameters
[3.864s] Level 1:colcon.colcon_core.package_discovery:discover_packages(prefix_path) discover
[3.937s] DEBUG:colcon.colcon_installed_package_information.package_discovery:Found 1 installed packages in /home/mate/ros2_wkp/install
[3.947s] DEBUG:colcon.colcon_installed_package_information.package_discovery:Found 23 installed packages in /home/mate/ros2_ws/install
[3.967s] DEBUG:colcon.colcon_installed_package_information.package_discovery:Found 293 installed packages in /opt/ros/humble
[3.993s] Level 1:colcon.colcon_core.package_discovery:discover_packages(prefix_path) using defaults
[4.606s] INFO:colcon.colcon_core.executor:Executing jobs using 'parallel' executor
[4.625s] DEBUG:colcon.colcon_parallel_executor.executor.parallel:run_until_complete
[4.628s] DEBUG:colcon.colcon_parallel_executor.executor.parallel:closing loop
[4.629s] DEBUG:colcon.colcon_parallel_executor.executor.parallel:loop closed
[4.630s] DEBUG:colcon.colcon_parallel_executor.executor.parallel:run_until_complete finished with '0'
[4.636s] DEBUG:colcon.colcon_core.event_reactor:joining thread
[5.644s] INFO:colcon.colcon_core.plugin_system:Skipping extension 'colcon_notification.desktop_notification.notify_send': Could not find 'notify-send'
[5.644s] INFO:colcon.colcon_core.plugin_system:Skipping extension 'colcon_notification.desktop_notification.terminal_notifier': Not used on non-Darwin systems
[5.645s] INFO:colcon.colcon_core.plugin_system:Skipping extension 'colcon_notification.desktop_notification.win32': Not used on non-Windows systems
[5.645s] INFO:colcon.colcon_notification.desktop_notification:Sending desktop notification using 'notify2'
[5.858s] DEBUG:colcon.colcon_notification.desktop_notification.notify2:Failed to initialize notify2: org.freedesktop.DBus.Error.FileNotFound: Failed to connect to socket /run/user/1000/bus: No such file or directory
[5.882s] DEBUG:colcon.colcon_core.event_reactor:joined thread
[6.008s] INFO:colcon.colcon_core.plugin_system:Skipping extension 'colcon_core.shell.bat': Not used on non-Windows systems
[6.008s] INFO:colcon.colcon_core.shell:Creating prefix script '/home/mate/ros2_wkp/install/local_setup.ps1'
[6.140s] INFO:colcon.colcon_core.shell:Creating prefix util module '/home/mate/ros2_wkp/install/_local_setup_util_ps1.py'
[6.325s] INFO:colcon.colcon_core.shell:Creating prefix chain script '/home/mate/ros2_wkp/install/setup.ps1'
[6.461s] INFO:colcon.colcon_core.shell:Creating prefix script '/home/mate/ros2_wkp/install/local_setup.sh'
[6.597s] INFO:colcon.colcon_core.shell:Creating prefix util module '/home/mate/ros2_wkp/install/_local_setup_util_sh.py'
[6.668s] INFO:colcon.colcon_core.shell:Creating prefix chain script '/home/mate/ros2_wkp/install/setup.sh'
[6.781s] INFO:colcon.colcon_core.shell:Creating prefix script '/home/mate/ros2_wkp/install/local_setup.bash'
[6.820s] INFO:colcon.colcon_core.shell:Creating prefix chain script '/home/mate/ros2_wkp/install/setup.bash'
[6.927s] INFO:colcon.colcon_core.shell:Creating prefix script '/home/mate/ros2_wkp/install/local_setup.zsh'
[6.937s] INFO:colcon.colcon_core.shell:Creating prefix chain script '/home/mate/ros2_wkp/install/setup.zsh'
