[9.754s] DEBUG:colcon:Command line arguments: ['/usr/bin/colcon', 'build', '--packages-select', 'minmax_finder']
[9.755s] DEBUG:colcon:Parsed command line arguments: Namespace(log_base=None, log_level=None, verb_name='build', build_base='build', install_base='install', merge_install=False, symlink_install=False, test_result_base=None, continue_on_error=False, executor='parallel', parallel_workers=2, event_handlers=None, ignore_user_meta=False, metas=['./colcon.meta'], base_paths=['.'], packages_ignore=None, packages_ignore_regex=None, paths=None, packages_up_to=None, packages_up_to_regex=None, packages_above=None, packages_above_and_dependencies=None, packages_above_depth=None, packages_select_by_dep=None, packages_skip_by_dep=None, packages_skip_up_to=None, packages_select_build_failed=False, packages_skip_build_finished=False, packages_select_test_failures=False, packages_skip_test_passed=False, packages_select=['minmax_finder'], packages_skip=None, packages_select_regex=None, packages_skip_regex=None, packages_start=None, packages_end=None, allow_overriding=[], cmake_args=None, cmake_target=None, cmake_target_skip_unavailable=False, cmake_clean_cache=False, cmake_clean_first=False, cmake_force_configure=False, ament_cmake_args=None, catkin_cmake_args=None, catkin_skip_building_tests=False, mixin_files=None, mixin=None, verb_parser=<colcon_mixin.mixin.mixin_argument.MixinArgumentDecorator object at 0x72f352d4aa70>, verb_extension=<colcon_core.verb.build.BuildVerb object at 0x72f352ecff10>, main=<bound method BuildVerb.main of <colcon_core.verb.build.BuildVerb object at 0x72f352ecff10>>, mixin_verb=('build',))
[18.679s] Level 1:colcon.colcon_core.package_discovery:discover_packages(colcon_meta) check parameters
[18.680s] Level 1:colcon.colcon_core.package_discovery:discover_packages(recursive) check parameters
[18.680s] Level 1:colcon.colcon_core.package_discovery:discover_packages(ignore) check parameters
[18.680s] Level 1:colcon.colcon_core.package_discovery:discover_packages(path) check parameters
[18.680s] Level 1:colcon.colcon_core.package_discovery:discover_packages(colcon_meta) discover
[18.682s] Level 1:colcon.colcon_core.package_discovery:discover_packages(recursive) discover
[18.682s] INFO:colcon.colcon_core.package_discovery:Crawling recursively for packages in '/home/mate/ros2_wkp'
[18.683s] Level 1:colcon.colcon_core.package_identification:_identify(.) by extensions ['ignore', 'ignore_ament_install']
[18.684s] Level 1:colcon.colcon_core.package_identification:_identify(.) by extension 'ignore'
[18.686s] Level 1:colcon.colcon_core.package_identification:_identify(.) by extension 'ignore_ament_install'
[18.686s] Level 1:colcon.colcon_core.package_identification:_identify(.) by extensions ['colcon_pkg']
[18.686s] Level 1:colcon.colcon_core.package_identification:_identify(.) by extension 'colcon_pkg'
[18.686s] Level 1:colcon.colcon_core.package_identification:_identify(.) by extensions ['colcon_meta']
[18.686s] Level 1:colcon.colcon_core.package_identification:_identify(.) by extension 'colcon_meta'
[18.687s] Level 1:colcon.colcon_core.package_identification:_identify(.) by extensions ['ros']
[18.687s] Level 1:colcon.colcon_core.package_identification:_identify(.) by extension 'ros'
[18.935s] Level 1:colcon.colcon_core.package_identification:_identify(.) by extensions ['cmake', 'python']
[18.935s] Level 1:colcon.colcon_core.package_identification:_identify(.) by extension 'cmake'
[18.935s] Level 1:colcon.colcon_core.package_identification:_identify(.) by extension 'python'
[18.935s] Level 1:colcon.colcon_core.package_identification:_identify(.) by extensions ['python_setup_py']
[18.935s] Level 1:colcon.colcon_core.package_identification:_identify(.) by extension 'python_setup_py'
[18.936s] Level 1:colcon.colcon_core.package_identification:_identify(build) by extensions ['ignore', 'ignore_ament_install']
[18.936s] Level 1:colcon.colcon_core.package_identification:_identify(build) by extension 'ignore'
[18.936s] Level 1:colcon.colcon_core.package_identification:_identify(build) ignored
[18.937s] Level 1:colcon.colcon_core.package_identification:_identify(install) by extensions ['ignore', 'ignore_ament_install']
[18.938s] Level 1:colcon.colcon_core.package_identification:_identify(install) by extension 'ignore'
[18.938s] Level 1:colcon.colcon_core.package_identification:_identify(install) ignored
[18.938s] Level 1:colcon.colcon_core.package_identification:_identify(launch) by extensions ['ignore', 'ignore_ament_install']
[18.939s] Level 1:colcon.colcon_core.package_identification:_identify(launch) by extension 'ignore'
[18.939s] Level 1:colcon.colcon_core.package_identification:_identify(launch) by extension 'ignore_ament_install'
[18.939s] Level 1:colcon.colcon_core.package_identification:_identify(launch) by extensions ['colcon_pkg']
[18.939s] Level 1:colcon.colcon_core.package_identification:_identify(launch) by extension 'colcon_pkg'
[18.939s] Level 1:colcon.colcon_core.package_identification:_identify(launch) by extensions ['colcon_meta']
[18.939s] Level 1:colcon.colcon_core.package_identification:_identify(launch) by extension 'colcon_meta'
[18.939s] Level 1:colcon.colcon_core.package_identification:_identify(launch) by extensions ['ros']
[18.940s] Level 1:colcon.colcon_core.package_identification:_identify(launch) by extension 'ros'
[18.940s] Level 1:colcon.colcon_core.package_identification:_identify(launch) by extensions ['cmake', 'python']
[18.940s] Level 1:colcon.colcon_core.package_identification:_identify(launch) by extension 'cmake'
[18.940s] Level 1:colcon.colcon_core.package_identification:_identify(launch) by extension 'python'
[18.940s] Level 1:colcon.colcon_core.package_identification:_identify(launch) by extensions ['python_setup_py']
[18.940s] Level 1:colcon.colcon_core.package_identification:_identify(launch) by extension 'python_setup_py'
[18.941s] Level 1:colcon.colcon_core.package_identification:_identify(log) by extensions ['ignore', 'ignore_ament_install']
[18.941s] Level 1:colcon.colcon_core.package_identification:_identify(log) by extension 'ignore'
[18.941s] Level 1:colcon.colcon_core.package_identification:_identify(log) ignored
[18.942s] Level 1:colcon.colcon_core.package_identification:_identify(src) by extensions ['ignore', 'ignore_ament_install']
[18.943s] Level 1:colcon.colcon_core.package_identification:_identify(src) by extension 'ignore'
[18.943s] Level 1:colcon.colcon_core.package_identification:_identify(src) by extension 'ignore_ament_install'
[18.943s] Level 1:colcon.colcon_core.package_identification:_identify(src) by extensions ['colcon_pkg']
[18.943s] Level 1:colcon.colcon_core.package_identification:_identify(src) by extension 'colcon_pkg'
[18.943s] Level 1:colcon.colcon_core.package_identification:_identify(src) by extensions ['colcon_meta']
[18.943s] Level 1:colcon.colcon_core.package_identification:_identify(src) by extension 'colcon_meta'
[18.943s] Level 1:colcon.colcon_core.package_identification:_identify(src) by extensions ['ros']
[18.944s] Level 1:colcon.colcon_core.package_identification:_identify(src) by extension 'ros'
[18.944s] Level 1:colcon.colcon_core.package_identification:_identify(src) by extensions ['cmake', 'python']
[18.944s] Level 1:colcon.colcon_core.package_identification:_identify(src) by extension 'cmake'
[18.944s] Level 1:colcon.colcon_core.package_identification:_identify(src) by extension 'python'
[18.945s] Level 1:colcon.colcon_core.package_identification:_identify(src) by extensions ['python_setup_py']
[18.945s] Level 1:colcon.colcon_core.package_identification:_identify(src) by extension 'python_setup_py'
[18.946s] Level 1:colcon.colcon_core.package_identification:_identify(src/mypack) by extensions ['ignore', 'ignore_ament_install']
[18.946s] Level 1:colcon.colcon_core.package_identification:_identify(src/mypack) by extension 'ignore'
[18.947s] Level 1:colcon.colcon_core.package_identification:_identify(src/mypack) by extension 'ignore_ament_install'
[18.947s] Level 1:colcon.colcon_core.package_identification:_identify(src/mypack) by extensions ['colcon_pkg']
[18.947s] Level 1:colcon.colcon_core.package_identification:_identify(src/mypack) by extension 'colcon_pkg'
[18.947s] Level 1:colcon.colcon_core.package_identification:_identify(src/mypack) by extensions ['colcon_meta']
[18.947s] Level 1:colcon.colcon_core.package_identification:_identify(src/mypack) by extension 'colcon_meta'
[18.947s] Level 1:colcon.colcon_core.package_identification:_identify(src/mypack) by extensions ['ros']
[18.948s] Level 1:colcon.colcon_core.package_identification:_identify(src/mypack) by extension 'ros'
[18.962s] DEBUG:colcon.colcon_core.package_identification:Failed to parse potential ROS package manifest in'src/mypack': Error(s) in package 'src/mypack/package.xml':
The manifest contains invalid XML:
not well-formed (invalid token): line 1, column 22
[18.962s] Level 1:colcon.colcon_core.package_identification:_identify(src/mypack) by extensions ['cmake', 'python']
[18.962s] Level 1:colcon.colcon_core.package_identification:_identify(src/mypack) by extension 'cmake'
[18.969s] Level 1:colcon.colcon_core.package_identification:_identify(src/mypack) by extension 'python'
[18.969s] DEBUG:colcon.colcon_core.package_identification:Package 'src/mypack' with type 'cmake' and name 'minmax_finder'
[18.969s] Level 1:colcon.colcon_core.package_discovery:discover_packages(recursive) using defaults
[18.970s] Level 1:colcon.colcon_core.package_discovery:discover_packages(ignore) discover
[18.970s] Level 1:colcon.colcon_core.package_discovery:discover_packages(ignore) using defaults
[18.970s] Level 1:colcon.colcon_core.package_discovery:discover_packages(path) discover
[18.970s] Level 1:colcon.colcon_core.package_discovery:discover_packages(path) using defaults
[19.306s] Level 1:colcon.colcon_core.package_discovery:discover_packages(prefix_path) check parameters
[19.306s] Level 1:colcon.colcon_core.package_discovery:discover_packages(prefix_path) discover
[19.360s] DEBUG:colcon.colcon_installed_package_information.package_discovery:Found 1 installed packages in /home/mate/ros2_wkp/install
[19.375s] DEBUG:colcon.colcon_installed_package_information.package_discovery:Found 23 installed packages in /home/mate/ros2_ws/install
[19.380s] DEBUG:colcon.colcon_installed_package_information.package_discovery:Found 293 installed packages in /opt/ros/humble
[19.404s] Level 1:colcon.colcon_core.package_discovery:discover_packages(prefix_path) using defaults
[20.080s] Level 5:colcon.colcon_core.verb:set package 'minmax_finder' build argument 'cmake_args' from command line to 'None'
[20.080s] Level 5:colcon.colcon_core.verb:set package 'minmax_finder' build argument 'cmake_target' from command line to 'None'
[20.081s] Level 5:colcon.colcon_core.verb:set package 'minmax_finder' build argument 'cmake_target_skip_unavailable' from command line to 'False'
[20.081s] Level 5:colcon.colcon_core.verb:set package 'minmax_finder' build argument 'cmake_clean_cache' from command line to 'False'
[20.081s] Level 5:colcon.colcon_core.verb:set package 'minmax_finder' build argument 'cmake_clean_first' from command line to 'False'
[20.081s] Level 5:colcon.colcon_core.verb:set package 'minmax_finder' build argument 'cmake_force_configure' from command line to 'False'
[20.081s] Level 5:colcon.colcon_core.verb:set package 'minmax_finder' build argument 'ament_cmake_args' from command line to 'None'
[20.081s] Level 5:colcon.colcon_core.verb:set package 'minmax_finder' build argument 'catkin_cmake_args' from command line to 'None'
[20.081s] Level 5:colcon.colcon_core.verb:set package 'minmax_finder' build argument 'catkin_skip_building_tests' from command line to 'False'
[20.081s] DEBUG:colcon.colcon_core.verb:Building package 'minmax_finder' with the following arguments: {'ament_cmake_args': None, 'build_base': '/home/mate/ros2_wkp/build/minmax_finder', 'catkin_cmake_args': None, 'catkin_skip_building_tests': False, 'cmake_args': None, 'cmake_clean_cache': False, 'cmake_clean_first': False, 'cmake_force_configure': False, 'cmake_target': None, 'cmake_target_skip_unavailable': False, 'install_base': '/home/mate/ros2_wkp/install/minmax_finder', 'merge_install': False, 'path': '/home/mate/ros2_wkp/src/mypack', 'symlink_install': False, 'test_result_base': None}
[20.082s] INFO:colcon.colcon_core.executor:Executing jobs using 'parallel' executor
[20.088s] DEBUG:colcon.colcon_parallel_executor.executor.parallel:run_until_complete
[20.089s] INFO:colcon.colcon_cmake.task.cmake.build:Building CMake package in '/home/mate/ros2_wkp/src/mypack'
[20.112s] INFO:colcon.colcon_core.plugin_system:Skipping extension 'colcon_core.shell.bat': Not used on non-Windows systems
[20.113s] INFO:colcon.colcon_core.shell:Skip shell extension 'powershell' for command environment: Not usable outside of PowerShell
[20.113s] DEBUG:colcon.colcon_core.shell:Skip shell extension 'dsv' for command environment
[20.272s] DEBUG:colcon.colcon_core.event_handler.log_command:Invoking command in '/home/mate/ros2_wkp/build/minmax_finder': /usr/bin/cmake /home/mate/ros2_wkp/src/mypack -DCMAKE_INSTALL_PREFIX=/home/mate/ros2_wkp/install/minmax_finder
[40.558s] DEBUG:colcon.colcon_core.event_handler.log_command:Invoked command in '/home/mate/ros2_wkp/build/minmax_finder' returned '1': /usr/bin/cmake /home/mate/ros2_wkp/src/mypack -DCMAKE_INSTALL_PREFIX=/home/mate/ros2_wkp/install/minmax_finder
[40.572s] DEBUG:colcon.colcon_parallel_executor.executor.parallel:closing loop
[40.573s] DEBUG:colcon.colcon_parallel_executor.executor.parallel:loop closed
[40.574s] DEBUG:colcon.colcon_parallel_executor.executor.parallel:run_until_complete finished with '1'
[40.574s] DEBUG:colcon.colcon_core.event_reactor:joining thread
[40.734s] INFO:colcon.colcon_core.plugin_system:Skipping extension 'colcon_notification.desktop_notification.notify_send': Could not find 'notify-send'
[40.735s] INFO:colcon.colcon_core.plugin_system:Skipping extension 'colcon_notification.desktop_notification.terminal_notifier': Not used on non-Darwin systems
[40.736s] INFO:colcon.colcon_core.plugin_system:Skipping extension 'colcon_notification.desktop_notification.win32': Not used on non-Windows systems
[40.736s] INFO:colcon.colcon_notification.desktop_notification:Sending desktop notification using 'notify2'
[40.741s] DEBUG:colcon.colcon_notification.desktop_notification.notify2:Failed to initialize notify2: org.freedesktop.DBus.Error.FileNotFound: Failed to connect to socket /run/user/1000/bus: No such file or directory
[40.742s] DEBUG:colcon.colcon_core.event_reactor:joined thread
[40.743s] INFO:colcon.colcon_core.shell:Creating prefix script '/home/mate/ros2_wkp/install/local_setup.ps1'
[40.749s] INFO:colcon.colcon_core.shell:Creating prefix util module '/home/mate/ros2_wkp/install/_local_setup_util_ps1.py'
[40.759s] INFO:colcon.colcon_core.shell:Creating prefix chain script '/home/mate/ros2_wkp/install/setup.ps1'
[40.774s] INFO:colcon.colcon_core.shell:Creating prefix script '/home/mate/ros2_wkp/install/local_setup.sh'
[40.778s] INFO:colcon.colcon_core.shell:Creating prefix util module '/home/mate/ros2_wkp/install/_local_setup_util_sh.py'
[40.788s] INFO:colcon.colcon_core.shell:Creating prefix chain script '/home/mate/ros2_wkp/install/setup.sh'
[40.797s] INFO:colcon.colcon_core.shell:Creating prefix script '/home/mate/ros2_wkp/install/local_setup.bash'
[40.811s] INFO:colcon.colcon_core.shell:Creating prefix chain script '/home/mate/ros2_wkp/install/setup.bash'
[40.825s] INFO:colcon.colcon_core.shell:Creating prefix script '/home/mate/ros2_wkp/install/local_setup.zsh'
[40.833s] INFO:colcon.colcon_core.shell:Creating prefix chain script '/home/mate/ros2_wkp/install/setup.zsh'
