[1.164s] DEBUG:colcon:Command line arguments: ['/usr/bin/colcon', 'build', '--packages-select', 'mypack']
[1.165s] DEBUG:colcon:Parsed command line arguments: Namespace(log_base=None, log_level=None, verb_name='build', build_base='build', install_base='install', merge_install=False, symlink_install=False, test_result_base=None, continue_on_error=False, executor='parallel', parallel_workers=2, event_handlers=None, ignore_user_meta=False, metas=['./colcon.meta'], base_paths=['.'], packages_ignore=None, packages_ignore_regex=None, paths=None, packages_up_to=None, packages_up_to_regex=None, packages_above=None, packages_above_and_dependencies=None, packages_above_depth=None, packages_select_by_dep=None, packages_skip_by_dep=None, packages_skip_up_to=None, packages_select_build_failed=False, packages_skip_build_finished=False, packages_select_test_failures=False, packages_skip_test_passed=False, packages_select=['mypack'], packages_skip=None, packages_select_regex=None, packages_skip_regex=None, packages_start=None, packages_end=None, allow_overriding=[], cmake_args=None, cmake_target=None, cmake_target_skip_unavailable=False, cmake_clean_cache=False, cmake_clean_first=False, cmake_force_configure=False, ament_cmake_args=None, catkin_cmake_args=None, catkin_skip_building_tests=False, mixin_files=None, mixin=None, verb_parser=<colcon_mixin.mixin.mixin_argument.MixinArgumentDecorator object at 0x708038855420>, verb_extension=<colcon_core.verb.build.BuildVerb object at 0x7080389d68c0>, main=<bound method BuildVerb.main of <colcon_core.verb.build.BuildVerb object at 0x7080389d68c0>>, mixin_verb=('build',))
[2.448s] Level 1:colcon.colcon_core.package_discovery:discover_packages(colcon_meta) check parameters
[2.449s] Level 1:colcon.colcon_core.package_discovery:discover_packages(recursive) check parameters
[2.450s] Level 1:colcon.colcon_core.package_discovery:discover_packages(ignore) check parameters
[2.450s] Level 1:colcon.colcon_core.package_discovery:discover_packages(path) check parameters
[2.450s] Level 1:colcon.colcon_core.package_discovery:discover_packages(colcon_meta) discover
[2.450s] Level 1:colcon.colcon_core.package_discovery:discover_packages(recursive) discover
[2.450s] INFO:colcon.colcon_core.package_discovery:Crawling recursively for packages in '/home/mate/ros2_wkp'
[2.451s] Level 1:colcon.colcon_core.package_identification:_identify(.) by extensions ['ignore', 'ignore_ament_install']
[2.452s] Level 1:colcon.colcon_core.package_identification:_identify(.) by extension 'ignore'
[2.452s] Level 1:colcon.colcon_core.package_identification:_identify(.) by extension 'ignore_ament_install'
[2.453s] Level 1:colcon.colcon_core.package_identification:_identify(.) by extensions ['colcon_pkg']
[2.453s] Level 1:colcon.colcon_core.package_identification:_identify(.) by extension 'colcon_pkg'
[2.454s] Level 1:colcon.colcon_core.package_identification:_identify(.) by extensions ['colcon_meta']
[2.455s] Level 1:colcon.colcon_core.package_identification:_identify(.) by extension 'colcon_meta'
[2.455s] Level 1:colcon.colcon_core.package_identification:_identify(.) by extensions ['ros']
[2.455s] Level 1:colcon.colcon_core.package_identification:_identify(.) by extension 'ros'
[2.510s] Level 1:colcon.colcon_core.package_identification:_identify(.) by extensions ['cmake', 'python']
[2.510s] Level 1:colcon.colcon_core.package_identification:_identify(.) by extension 'cmake'
[2.510s] Level 1:colcon.colcon_core.package_identification:_identify(.) by extension 'python'
[2.510s] Level 1:colcon.colcon_core.package_identification:_identify(.) by extensions ['python_setup_py']
[2.510s] Level 1:colcon.colcon_core.package_identification:_identify(.) by extension 'python_setup_py'
[2.511s] Level 1:colcon.colcon_core.package_identification:_identify(build) by extensions ['ignore', 'ignore_ament_install']
[2.511s] Level 1:colcon.colcon_core.package_identification:_identify(build) by extension 'ignore'
[2.511s] Level 1:colcon.colcon_core.package_identification:_identify(build) ignored
[2.512s] Level 1:colcon.colcon_core.package_identification:_identify(install) by extensions ['ignore', 'ignore_ament_install']
[2.512s] Level 1:colcon.colcon_core.package_identification:_identify(install) by extension 'ignore'
[2.512s] Level 1:colcon.colcon_core.package_identification:_identify(install) ignored
[2.512s] Level 1:colcon.colcon_core.package_identification:_identify(log) by extensions ['ignore', 'ignore_ament_install']
[2.512s] Level 1:colcon.colcon_core.package_identification:_identify(log) by extension 'ignore'
[2.512s] Level 1:colcon.colcon_core.package_identification:_identify(log) ignored
[2.513s] Level 1:colcon.colcon_core.package_identification:_identify(src) by extensions ['ignore', 'ignore_ament_install']
[2.513s] Level 1:colcon.colcon_core.package_identification:_identify(src) by extension 'ignore'
[2.513s] Level 1:colcon.colcon_core.package_identification:_identify(src) by extension 'ignore_ament_install'
[2.513s] Level 1:colcon.colcon_core.package_identification:_identify(src) by extensions ['colcon_pkg']
[2.513s] Level 1:colcon.colcon_core.package_identification:_identify(src) by extension 'colcon_pkg'
[2.513s] Level 1:colcon.colcon_core.package_identification:_identify(src) by extensions ['colcon_meta']
[2.513s] Level 1:colcon.colcon_core.package_identification:_identify(src) by extension 'colcon_meta'
[2.513s] Level 1:colcon.colcon_core.package_identification:_identify(src) by extensions ['ros']
[2.513s] Level 1:colcon.colcon_core.package_identification:_identify(src) by extension 'ros'
[2.514s] Level 1:colcon.colcon_core.package_identification:_identify(src) by extensions ['cmake', 'python']
[2.514s] Level 1:colcon.colcon_core.package_identification:_identify(src) by extension 'cmake'
[2.514s] Level 1:colcon.colcon_core.package_identification:_identify(src) by extension 'python'
[2.514s] Level 1:colcon.colcon_core.package_identification:_identify(src) by extensions ['python_setup_py']
[2.515s] Level 1:colcon.colcon_core.package_identification:_identify(src) by extension 'python_setup_py'
[2.515s] Level 1:colcon.colcon_core.package_identification:_identify(src/mypack) by extensions ['ignore', 'ignore_ament_install']
[2.515s] Level 1:colcon.colcon_core.package_identification:_identify(src/mypack) by extension 'ignore'
[2.516s] Level 1:colcon.colcon_core.package_identification:_identify(src/mypack) by extension 'ignore_ament_install'
[2.516s] Level 1:colcon.colcon_core.package_identification:_identify(src/mypack) by extensions ['colcon_pkg']
[2.516s] Level 1:colcon.colcon_core.package_identification:_identify(src/mypack) by extension 'colcon_pkg'
[2.517s] Level 1:colcon.colcon_core.package_identification:_identify(src/mypack) by extensions ['colcon_meta']
[2.517s] Level 1:colcon.colcon_core.package_identification:_identify(src/mypack) by extension 'colcon_meta'
[2.517s] Level 1:colcon.colcon_core.package_identification:_identify(src/mypack) by extensions ['ros']
[2.517s] Level 1:colcon.colcon_core.package_identification:_identify(src/mypack) by extension 'ros'
[2.537s] DEBUG:colcon.colcon_core.package_identification:Package 'src/mypack' with type 'ros.ament_cmake' and name 'mypack'
[2.537s] Level 1:colcon.colcon_core.package_discovery:discover_packages(recursive) using defaults
[2.537s] Level 1:colcon.colcon_core.package_discovery:discover_packages(ignore) discover
[2.537s] Level 1:colcon.colcon_core.package_discovery:discover_packages(ignore) using defaults
[2.537s] Level 1:colcon.colcon_core.package_discovery:discover_packages(path) discover
[2.537s] Level 1:colcon.colcon_core.package_discovery:discover_packages(path) using defaults
[2.676s] Level 1:colcon.colcon_core.package_discovery:discover_packages(prefix_path) check parameters
[2.676s] Level 1:colcon.colcon_core.package_discovery:discover_packages(prefix_path) discover
[2.711s] DEBUG:colcon.colcon_installed_package_information.package_discovery:Found 293 installed packages in /opt/ros/humble
[2.721s] Level 1:colcon.colcon_core.package_discovery:discover_packages(prefix_path) using defaults
[3.498s] Level 5:colcon.colcon_core.verb:set package 'mypack' build argument 'cmake_args' from command line to 'None'
[3.498s] Level 5:colcon.colcon_core.verb:set package 'mypack' build argument 'cmake_target' from command line to 'None'
[3.499s] Level 5:colcon.colcon_core.verb:set package 'mypack' build argument 'cmake_target_skip_unavailable' from command line to 'False'
[3.499s] Level 5:colcon.colcon_core.verb:set package 'mypack' build argument 'cmake_clean_cache' from command line to 'False'
[3.499s] Level 5:colcon.colcon_core.verb:set package 'mypack' build argument 'cmake_clean_first' from command line to 'False'
[3.499s] Level 5:colcon.colcon_core.verb:set package 'mypack' build argument 'cmake_force_configure' from command line to 'False'
[3.499s] Level 5:colcon.colcon_core.verb:set package 'mypack' build argument 'ament_cmake_args' from command line to 'None'
[3.499s] Level 5:colcon.colcon_core.verb:set package 'mypack' build argument 'catkin_cmake_args' from command line to 'None'
[3.499s] Level 5:colcon.colcon_core.verb:set package 'mypack' build argument 'catkin_skip_building_tests' from command line to 'False'
[3.499s] DEBUG:colcon.colcon_core.verb:Building package 'mypack' with the following arguments: {'ament_cmake_args': None, 'build_base': '/home/mate/ros2_wkp/build/mypack', 'catkin_cmake_args': None, 'catkin_skip_building_tests': False, 'cmake_args': None, 'cmake_clean_cache': False, 'cmake_clean_first': False, 'cmake_force_configure': False, 'cmake_target': None, 'cmake_target_skip_unavailable': False, 'install_base': '/home/mate/ros2_wkp/install/mypack', 'merge_install': False, 'path': '/home/mate/ros2_wkp/src/mypack', 'symlink_install': False, 'test_result_base': None}
[3.500s] INFO:colcon.colcon_core.executor:Executing jobs using 'parallel' executor
[3.507s] DEBUG:colcon.colcon_parallel_executor.executor.parallel:run_until_complete
[3.514s] INFO:colcon.colcon_ros.task.ament_cmake.build:Building ROS package in '/home/mate/ros2_wkp/src/mypack' with build type 'ament_cmake'
[3.515s] INFO:colcon.colcon_cmake.task.cmake.build:Building CMake package in '/home/mate/ros2_wkp/src/mypack'
[3.605s] INFO:colcon.colcon_core.plugin_system:Skipping extension 'colcon_core.shell.bat': Not used on non-Windows systems
[3.605s] INFO:colcon.colcon_core.shell:Skip shell extension 'powershell' for command environment: Not usable outside of PowerShell
[3.606s] DEBUG:colcon.colcon_core.shell:Skip shell extension 'dsv' for command environment
[3.678s] DEBUG:colcon.colcon_core.event_handler.log_command:Invoking command in '/home/mate/ros2_wkp/build/mypack': CMAKE_PREFIX_PATH=/opt/ros/humble /usr/bin/cmake /home/mate/ros2_wkp/src/mypack -DCMAKE_INSTALL_PREFIX=/home/mate/ros2_wkp/install/mypack
[13.612s] DEBUG:colcon.colcon_core.event_handler.log_command:Invoked command in '/home/mate/ros2_wkp/build/mypack' returned '0': CMAKE_PREFIX_PATH=/opt/ros/humble /usr/bin/cmake /home/mate/ros2_wkp/src/mypack -DCMAKE_INSTALL_PREFIX=/home/mate/ros2_wkp/install/mypack
[13.613s] DEBUG:colcon.colcon_core.event_handler.log_command:Invoking command in '/home/mate/ros2_wkp/build/mypack': CMAKE_PREFIX_PATH=/opt/ros/humble /usr/bin/cmake --build /home/mate/ros2_wkp/build/mypack -- -j2 -l2
[14.267s] DEBUG:colcon.colcon_core.event_handler.log_command:Invoked command in '/home/mate/ros2_wkp/build/mypack' returned '0': CMAKE_PREFIX_PATH=/opt/ros/humble /usr/bin/cmake --build /home/mate/ros2_wkp/build/mypack -- -j2 -l2
[14.290s] DEBUG:colcon.colcon_core.event_handler.log_command:Invoking command in '/home/mate/ros2_wkp/build/mypack': CMAKE_PREFIX_PATH=/opt/ros/humble /usr/bin/cmake --install /home/mate/ros2_wkp/build/mypack
[14.345s] Level 1:colcon.colcon_core.environment:create_environment_scripts_only(mypack)
[14.349s] DEBUG:colcon.colcon_core.event_handler.log_command:Invoked command in '/home/mate/ros2_wkp/build/mypack' returned '0': CMAKE_PREFIX_PATH=/opt/ros/humble /usr/bin/cmake --install /home/mate/ros2_wkp/build/mypack
[14.387s] Level 1:colcon.colcon_core.environment:checking '/home/mate/ros2_wkp/install/mypack' for CMake module files
[14.392s] Level 1:colcon.colcon_core.environment:checking '/home/mate/ros2_wkp/install/mypack' for CMake config files
[14.392s] Level 1:colcon.colcon_core.shell:create_environment_hook('mypack', 'cmake_prefix_path')
[14.394s] INFO:colcon.colcon_core.shell:Creating environment hook '/home/mate/ros2_wkp/install/mypack/share/mypack/hook/cmake_prefix_path.ps1'
[14.399s] INFO:colcon.colcon_core.shell:Creating environment descriptor '/home/mate/ros2_wkp/install/mypack/share/mypack/hook/cmake_prefix_path.dsv'
[14.402s] INFO:colcon.colcon_core.shell:Creating environment hook '/home/mate/ros2_wkp/install/mypack/share/mypack/hook/cmake_prefix_path.sh'
[14.405s] Level 1:colcon.colcon_core.environment:checking '/home/mate/ros2_wkp/install/mypack/lib'
[14.405s] Level 1:colcon.colcon_core.environment:checking '/home/mate/ros2_wkp/install/mypack/bin'
[14.406s] Level 1:colcon.colcon_core.environment:checking '/home/mate/ros2_wkp/install/mypack/lib/pkgconfig/mypack.pc'
[14.418s] Level 1:colcon.colcon_core.environment:checking '/home/mate/ros2_wkp/install/mypack/lib/python3.10/site-packages'
[14.419s] Level 1:colcon.colcon_core.environment:checking '/home/mate/ros2_wkp/install/mypack/bin'
[14.419s] INFO:colcon.colcon_core.shell:Creating package script '/home/mate/ros2_wkp/install/mypack/share/mypack/package.ps1'
[14.423s] INFO:colcon.colcon_core.shell:Creating package descriptor '/home/mate/ros2_wkp/install/mypack/share/mypack/package.dsv'
[14.426s] INFO:colcon.colcon_core.shell:Creating package script '/home/mate/ros2_wkp/install/mypack/share/mypack/package.sh'
[14.441s] INFO:colcon.colcon_core.shell:Creating package script '/home/mate/ros2_wkp/install/mypack/share/mypack/package.bash'
[14.445s] INFO:colcon.colcon_core.shell:Creating package script '/home/mate/ros2_wkp/install/mypack/share/mypack/package.zsh'
[14.456s] Level 1:colcon.colcon_core.environment:create_file_with_runtime_dependencies(/home/mate/ros2_wkp/install/mypack/share/colcon-core/packages/mypack)
[14.459s] Level 1:colcon.colcon_core.environment:create_environment_scripts_only(mypack)
[14.460s] Level 1:colcon.colcon_core.environment:checking '/home/mate/ros2_wkp/install/mypack' for CMake module files
[14.466s] Level 1:colcon.colcon_core.environment:checking '/home/mate/ros2_wkp/install/mypack' for CMake config files
[14.467s] Level 1:colcon.colcon_core.shell:create_environment_hook('mypack', 'cmake_prefix_path')
[14.468s] INFO:colcon.colcon_core.shell:Creating environment hook '/home/mate/ros2_wkp/install/mypack/share/mypack/hook/cmake_prefix_path.ps1'
[14.471s] INFO:colcon.colcon_core.shell:Creating environment descriptor '/home/mate/ros2_wkp/install/mypack/share/mypack/hook/cmake_prefix_path.dsv'
[14.472s] INFO:colcon.colcon_core.shell:Creating environment hook '/home/mate/ros2_wkp/install/mypack/share/mypack/hook/cmake_prefix_path.sh'
[14.474s] Level 1:colcon.colcon_core.environment:checking '/home/mate/ros2_wkp/install/mypack/lib'
[14.474s] Level 1:colcon.colcon_core.environment:checking '/home/mate/ros2_wkp/install/mypack/bin'
[14.474s] Level 1:colcon.colcon_core.environment:checking '/home/mate/ros2_wkp/install/mypack/lib/pkgconfig/mypack.pc'
[14.475s] Level 1:colcon.colcon_core.environment:checking '/home/mate/ros2_wkp/install/mypack/lib/python3.10/site-packages'
[14.475s] Level 1:colcon.colcon_core.environment:checking '/home/mate/ros2_wkp/install/mypack/bin'
[14.476s] INFO:colcon.colcon_core.shell:Creating package script '/home/mate/ros2_wkp/install/mypack/share/mypack/package.ps1'
[14.482s] INFO:colcon.colcon_core.shell:Creating package descriptor '/home/mate/ros2_wkp/install/mypack/share/mypack/package.dsv'
[14.483s] INFO:colcon.colcon_core.shell:Creating package script '/home/mate/ros2_wkp/install/mypack/share/mypack/package.sh'
[14.489s] INFO:colcon.colcon_core.shell:Creating package script '/home/mate/ros2_wkp/install/mypack/share/mypack/package.bash'
[14.491s] INFO:colcon.colcon_core.shell:Creating package script '/home/mate/ros2_wkp/install/mypack/share/mypack/package.zsh'
[14.493s] Level 1:colcon.colcon_core.environment:create_file_with_runtime_dependencies(/home/mate/ros2_wkp/install/mypack/share/colcon-core/packages/mypack)
[14.495s] DEBUG:colcon.colcon_parallel_executor.executor.parallel:closing loop
[14.495s] DEBUG:colcon.colcon_parallel_executor.executor.parallel:loop closed
[14.495s] DEBUG:colcon.colcon_parallel_executor.executor.parallel:run_until_complete finished with '0'
[14.496s] DEBUG:colcon.colcon_core.event_reactor:joining thread
[14.680s] INFO:colcon.colcon_core.plugin_system:Skipping extension 'colcon_notification.desktop_notification.notify_send': Could not find 'notify-send'
[14.681s] INFO:colcon.colcon_core.plugin_system:Skipping extension 'colcon_notification.desktop_notification.terminal_notifier': Not used on non-Darwin systems
[14.681s] INFO:colcon.colcon_core.plugin_system:Skipping extension 'colcon_notification.desktop_notification.win32': Not used on non-Windows systems
[14.681s] INFO:colcon.colcon_notification.desktop_notification:Sending desktop notification using 'notify2'
[14.685s] DEBUG:colcon.colcon_notification.desktop_notification.notify2:Failed to initialize notify2: org.freedesktop.DBus.Error.FileNotFound: Failed to connect to socket /run/user/1000/bus: No such file or directory
[14.685s] DEBUG:colcon.colcon_core.event_reactor:joined thread
[14.686s] INFO:colcon.colcon_core.shell:Creating prefix script '/home/mate/ros2_wkp/install/local_setup.ps1'
[14.692s] INFO:colcon.colcon_core.shell:Creating prefix util module '/home/mate/ros2_wkp/install/_local_setup_util_ps1.py'
[14.698s] INFO:colcon.colcon_core.shell:Creating prefix chain script '/home/mate/ros2_wkp/install/setup.ps1'
[14.706s] INFO:colcon.colcon_core.shell:Creating prefix script '/home/mate/ros2_wkp/install/local_setup.sh'
[14.710s] INFO:colcon.colcon_core.shell:Creating prefix util module '/home/mate/ros2_wkp/install/_local_setup_util_sh.py'
[14.712s] INFO:colcon.colcon_core.shell:Creating prefix chain script '/home/mate/ros2_wkp/install/setup.sh'
[14.715s] INFO:colcon.colcon_core.shell:Creating prefix script '/home/mate/ros2_wkp/install/local_setup.bash'
[14.719s] INFO:colcon.colcon_core.shell:Creating prefix chain script '/home/mate/ros2_wkp/install/setup.bash'
[14.727s] INFO:colcon.colcon_core.shell:Creating prefix script '/home/mate/ros2_wkp/install/local_setup.zsh'
[14.730s] INFO:colcon.colcon_core.shell:Creating prefix chain script '/home/mate/ros2_wkp/install/setup.zsh'
